INFO [2020-01-04 16:04:36] $x
INFO [2020-01-04 16:04:36] list(a, b, c)
INFO [2020-01-04 16:04:36] 
INFO [2020-01-04 16:04:36] $category.names
INFO [2020-01-04 16:04:36] c(paste0("Standard (", length(a), ")"), paste0("FWW (", length(b), 
INFO [2020-01-04 16:04:36]     ")"), paste0("imputedMKT (", length(c), ")"))
INFO [2020-01-04 16:04:36] 
INFO [2020-01-04 16:04:36] $filename
INFO [2020-01-04 16:04:36] paste0("/home/jmurga/mktComparison/results/alphaTables/", population, 
INFO [2020-01-04 16:04:36]     "Diagram.png")
INFO [2020-01-04 16:04:36] 
INFO [2020-01-04 16:04:36] $output
INFO [2020-01-04 16:04:36] [1] TRUE
INFO [2020-01-04 16:04:36] 
INFO [2020-01-04 16:04:36] $imagetype
INFO [2020-01-04 16:04:36] [1] "png"
INFO [2020-01-04 16:04:36] 
INFO [2020-01-04 16:04:36] $height
INFO [2020-01-04 16:04:36] [1] 800
INFO [2020-01-04 16:04:36] 
INFO [2020-01-04 16:04:36] $width
INFO [2020-01-04 16:04:36] [1] 800
INFO [2020-01-04 16:04:36] 
INFO [2020-01-04 16:04:36] $resolution
INFO [2020-01-04 16:04:36] [1] 300
INFO [2020-01-04 16:04:36] 
INFO [2020-01-04 16:04:36] $compression
INFO [2020-01-04 16:04:36] [1] "lzw"
INFO [2020-01-04 16:04:36] 
INFO [2020-01-04 16:04:36] $lwd
INFO [2020-01-04 16:04:36] [1] 2
INFO [2020-01-04 16:04:36] 
INFO [2020-01-04 16:04:36] $lty
INFO [2020-01-04 16:04:36] [1] "blank"
INFO [2020-01-04 16:04:36] 
INFO [2020-01-04 16:04:36] $fill
INFO [2020-01-04 16:04:36] palette
INFO [2020-01-04 16:04:36] 
INFO [2020-01-04 16:04:36] $cex
INFO [2020-01-04 16:04:36] [1] 0,6
INFO [2020-01-04 16:04:36] 
INFO [2020-01-04 16:04:36] $fontface
INFO [2020-01-04 16:04:36] [1] "bold"
INFO [2020-01-04 16:04:36] 
INFO [2020-01-04 16:04:36] $fontfamily
INFO [2020-01-04 16:04:36] [1] "sans"
INFO [2020-01-04 16:04:36] 
INFO [2020-01-04 16:04:36] $main
INFO [2020-01-04 16:04:36] paste0(population, " positive selected genes")
INFO [2020-01-04 16:04:36] 
INFO [2020-01-04 16:04:36] $cat.cex
INFO [2020-01-04 16:04:36] [1] 0,6
INFO [2020-01-04 16:04:36] 
INFO [2020-01-04 16:04:36] $cat.fontface
INFO [2020-01-04 16:04:36] [1] "bold"
INFO [2020-01-04 16:04:36] 
INFO [2020-01-04 16:04:36] $cat.default.pos
INFO [2020-01-04 16:04:36] [1] "outer"
INFO [2020-01-04 16:04:36] 
INFO [2020-01-04 16:04:36] $cat.pos
INFO [2020-01-04 16:04:36] c(-27, 27, 135)
INFO [2020-01-04 16:04:36] 
INFO [2020-01-04 16:04:36] $cat.dist
INFO [2020-01-04 16:04:36] c(0,055, 0,055, 0,1)
INFO [2020-01-04 16:04:36] 
INFO [2020-01-04 16:04:36] $cat.col
INFO [2020-01-04 16:04:36] palette
INFO [2020-01-04 16:04:36] 
INFO [2020-01-04 16:04:36] $cat.fontfamily
INFO [2020-01-04 16:04:36] [1] "sans"
INFO [2020-01-04 16:04:36] 
INFO [2020-01-04 16:04:36] $rotation
INFO [2020-01-04 16:04:36] [1] 1
INFO [2020-01-04 16:04:36] 
